useradd -m -s /bin/bash user1
passwd user1
adduser user2
adduser user3
usermod -s /usr/sbin/nologin user3
usermod -aG new_group user1
usermod -aG new_group user2
usermod -aG new_group user3
mkdir /opt/share
chgrp new_group /opt/share/
chmod g+rwxs /opt/share/
echo umask 004 >> /home/user1/.bashrc
touch file_user*
rm file_user*
chmod +t /opt/share/
sudo visudo
sudo chage -M 10 user*
echo Слюсарев Олег >> /etc/motd
sudo rsync -avz /etc/ /root/etc_backup/
sudo tar -czvf etc_backup.tar.gz /root/etc_backup
sudo tar -cjvf etc_backup.tat.bz2 /root/etc_backup
sudo 7z a etc_backup.7z /root/etc_backup
ls -lh etc_backup.*
echo Wed Jul 23 12:06:18 PM UTC 2025 >> /etc/motd
sudo rsync -av --delete /etc/ /root/etc_backup/
diff -r tmp/root/etc_backup /root/etc_backup
diff /root/etc_backup_7zip/etc_backup/motd /root/etc_backup_gzip/root/etc_backup/motd
sudo journalctl -b --since=2025-07-22 03:39:57 --until=2025-07-22 03:40:17
find /var/log -name 'auth.log' -exec awk '{print }' {} \; | sed 's/\[[0-9]*\]//g' | sort
find /var/log -name 'auth.log' -exec awk '{print }' {} \; | sed 's/\[[0-9]*\]//g' | sort | uniq -c | sort -nr | awk '{print  }'
find /var/log -name 'auth.log' -exec awk '{print }' {} \; | sed 's/\[[0-9]*\]//g' | sort | uniq -c | sort -nr | awk '{print  }'
awk -F: ' == /usr/sbin/nologin {print  , }' /etc/passwd | while read -r uid user; do echo , , root; done | sort -nr
dmesg | grep -i kernel
wc -l /var/log/kern.log
